<?xml version="1.0" encoding="UTF-8"?>
<!-- Generated by org.testng.reporters.JUnitXMLReporter -->
<testsuite hostname="Rohit" name="Default test" tests="6" failures="0" timestamp="17 Apr 2018 12:26:44 GMT" time="34.888" errors="0">
  <testcase name="mon" time="0.013" classname="com.qa.tests.DemoTest"/>
  <testcase name="tues" time="0.002" classname="com.qa.tests.DemoTest"/>
  <testcase name="two" time="25.171" classname="com.qa.tests.DemoTest"/>
  <testcase name="v" time="3.896" classname="com.qa.tests.DemoTest"/>
  <testcase name="wed" time="0.023" classname="com.qa.tests.DemoTest"/>
  <testcase name="zs" time="0.003" classname="com.qa.tests.DemoTest"/>
</testsuite> <!-- Default test -->
