<?xml version="1.0" encoding="UTF-8"?>
<!-- Generated by org.testng.reporters.JUnitXMLReporter -->
<testsuite hostname="Rohit" name="Command line test" tests="6" failures="0" timestamp="17 Apr 2018 14:59:31 GMT" time="34.16" errors="0">
  <testcase name="mon" time="0.006" classname="com.qa.tests.DemoTest"/>
  <testcase name="tues" time="0.001" classname="com.qa.tests.DemoTest"/>
  <testcase name="two" time="24.717" classname="com.qa.tests.DemoTest"/>
  <testcase name="v" time="3.964" classname="com.qa.tests.DemoTest"/>
  <testcase name="wed" time="0.0" classname="com.qa.tests.DemoTest"/>
  <testcase name="zs" time="0.001" classname="com.qa.tests.DemoTest"/>
</testsuite> <!-- Command line test -->
