<?xml version="1.0" encoding="UTF-8"?>
<testng-results skipped="0" failed="0" total="2" passed="2">
  <reporter-output>
  </reporter-output>
  <suite name="Suite" duration-ms="41586" started-at="2018-04-12T09:13:45Z" finished-at="2018-04-12T09:14:26Z">
    <groups>
    </groups>
    <test name="Test" duration-ms="41586" started-at="2018-04-12T09:13:45Z" finished-at="2018-04-12T09:14:26Z">
      <class name="First.NewTest">
        <test-method status="PASS" signature="beforeTest()[pri:0, instance:First.NewTest@239963d8]" name="beforeTest" is-config="true" duration-ms="3647" started-at="2018-04-12T14:43:45Z" finished-at="2018-04-12T14:43:48Z">
          <reporter-output>
          </reporter-output>
        </test-method> <!-- beforeTest -->
        <test-method status="PASS" signature="two()[pri:0, instance:First.NewTest@239963d8]" name="two" duration-ms="32725" started-at="2018-04-12T14:43:48Z" finished-at="2018-04-12T14:44:21Z">
          <reporter-output>
          </reporter-output>
        </test-method> <!-- two -->
        <test-method status="PASS" signature="v()[pri:0, instance:First.NewTest@239963d8]" name="v" duration-ms="3994" started-at="2018-04-12T14:44:21Z" finished-at="2018-04-12T14:44:25Z">
          <reporter-output>
          </reporter-output>
        </test-method> <!-- v -->
        <test-method status="PASS" signature="afterTest()[pri:0, instance:First.NewTest@239963d8]" name="afterTest" is-config="true" duration-ms="1195" started-at="2018-04-12T14:44:25Z" finished-at="2018-04-12T14:44:26Z">
          <reporter-output>
          </reporter-output>
        </test-method> <!-- afterTest -->
      </class> <!-- First.NewTest -->
    </test> <!-- Test -->
  </suite> <!-- Suite -->
</testng-results>
