<?xml version="1.0" encoding="UTF-8"?>
<testng-results skipped="0" failed="1" total="1" passed="0">
  <reporter-output>
  </reporter-output>
  <suite name="Default suite" duration-ms="12882" started-at="2018-04-13T14:50:51Z" finished-at="2018-04-13T14:51:04Z">
    <groups>
    </groups>
    <test name="Default test" duration-ms="12882" started-at="2018-04-13T14:50:51Z" finished-at="2018-04-13T14:51:04Z">
      <class name="appiumpackage.LoginWRP">
        <test-method status="PASS" signature="setUp()[pri:0, instance:appiumpackage.LoginWRP@36d4b5c]" name="setUp" is-config="true" duration-ms="7874" started-at="2018-04-13T20:20:51Z" finished-at="2018-04-13T20:20:59Z">
          <reporter-output>
          </reporter-output>
        </test-method> <!-- setUp -->
        <test-method status="FAIL" signature="testLogin()[pri:0, instance:appiumpackage.LoginWRP@36d4b5c]" name="testLogin" duration-ms="4966" started-at="2018-04-13T20:20:59Z" finished-at="2018-04-13T20:21:04Z">
          <exception class="org.openqa.selenium.NoSuchElementException">
            <message>
              <![CDATA[An element could not be located on the page using the given search parameters. (WARNING: The server did not provide any stacktrace information)
Command duration or timeout: 4.95 seconds
For documentation on this error, please visit: http://seleniumhq.org/exceptions/no_such_element.html
Build info: version: '2.45.0', revision: '32a636c', time: '2015-03-05 22:01:35'
System info: host: 'Gaurav', ip: '192.168.1.116', os.name: 'Windows 8.1', os.arch: 'amd64', os.version: '6.3', java.version: '1.8.0_121'
Driver info: org.openqa.selenium.remote.RemoteWebDriver
Capabilities [{appPackage=com.thesynapses.wrp, networkConnectionEnabled=true, warnings={}, databaseEnabled=false, deviceName=0aee9fea02e510c7, platform=LINUX, appActivity=com.thesynapses.wrp.MainActivity, desired={appPackage=com.thesynapses.wrp, appActivity=com.thesynapses.wrp.MainActivity, BROWSER_NAME=Android, VERSION=8.0.0, platformName=Android, deviceName=Emulator}, platformVersion=6.0.1, BROWSER_NAME=Android, webStorageEnabled=false, locationContextEnabled=false, VERSION=8.0.0, browserName=Android, takesScreenshot=true, javascriptEnabled=true, platformName=Android}]
Session ID: e72631df-5510-4eb8-aa62-45857ddf2141
*** Element info: {Using=id, value=email}]]>
            </message>
            <full-stacktrace>
              <![CDATA[org.openqa.selenium.NoSuchElementException: An element could not be located on the page using the given search parameters. (WARNING: The server did not provide any stacktrace information)
Command duration or timeout: 4.95 seconds
For documentation on this error, please visit: http://seleniumhq.org/exceptions/no_such_element.html
Build info: version: '2.45.0', revision: '32a636c', time: '2015-03-05 22:01:35'
System info: host: 'Gaurav', ip: '192.168.1.116', os.name: 'Windows 8.1', os.arch: 'amd64', os.version: '6.3', java.version: '1.8.0_121'
Driver info: org.openqa.selenium.remote.RemoteWebDriver
Capabilities [{appPackage=com.thesynapses.wrp, networkConnectionEnabled=true, warnings={}, databaseEnabled=false, deviceName=0aee9fea02e510c7, platform=LINUX, appActivity=com.thesynapses.wrp.MainActivity, desired={appPackage=com.thesynapses.wrp, appActivity=com.thesynapses.wrp.MainActivity, BROWSER_NAME=Android, VERSION=8.0.0, platformName=Android, deviceName=Emulator}, platformVersion=6.0.1, BROWSER_NAME=Android, webStorageEnabled=false, locationContextEnabled=false, VERSION=8.0.0, browserName=Android, takesScreenshot=true, javascriptEnabled=true, platformName=Android}]
Session ID: e72631df-5510-4eb8-aa62-45857ddf2141
*** Element info: {Using=id, value=email}
	at sun.reflect.NativeConstructorAccessorImpl.newInstance0(Native Method)
	at sun.reflect.NativeConstructorAccessorImpl.newInstance(Unknown Source)
	at sun.reflect.DelegatingConstructorAccessorImpl.newInstance(Unknown Source)
	at java.lang.reflect.Constructor.newInstance(Unknown Source)
	at org.openqa.selenium.remote.ErrorHandler.createThrowable(ErrorHandler.java:204)
	at org.openqa.selenium.remote.ErrorHandler.throwIfResponseFailed(ErrorHandler.java:156)
	at org.openqa.selenium.remote.RemoteWebDriver.execute(RemoteWebDriver.java:599)
	at org.openqa.selenium.remote.RemoteWebDriver.findElement(RemoteWebDriver.java:352)
	at org.openqa.selenium.remote.RemoteWebDriver.findElementById(RemoteWebDriver.java:393)
	at org.openqa.selenium.By$ById.findElement(By.java:214)
	at org.openqa.selenium.remote.RemoteWebDriver.findElement(RemoteWebDriver.java:344)
	at appiumpackage.LoginWRP.testLogin(LoginWRP.java:38)
	at sun.reflect.NativeMethodAccessorImpl.invoke0(Native Method)
	at sun.reflect.NativeMethodAccessorImpl.invoke(Unknown Source)
	at sun.reflect.DelegatingMethodAccessorImpl.invoke(Unknown Source)
	at java.lang.reflect.Method.invoke(Unknown Source)
	at org.testng.internal.MethodInvocationHelper.invokeMethod(MethodInvocationHelper.java:100)
	at org.testng.internal.Invoker.invokeMethod(Invoker.java:646)
	at org.testng.internal.Invoker.invokeTestMethod(Invoker.java:811)
	at org.testng.internal.Invoker.invokeTestMethods(Invoker.java:1129)
	at org.testng.internal.TestMethodWorker.invokeTestMethods(TestMethodWorker.java:129)
	at org.testng.internal.TestMethodWorker.run(TestMethodWorker.java:112)
	at org.testng.TestRunner.privateRun(TestRunner.java:746)
	at org.testng.TestRunner.run(TestRunner.java:600)
	at org.testng.SuiteRunner.runTest(SuiteRunner.java:366)
	at org.testng.SuiteRunner.runSequentially(SuiteRunner.java:361)
	at org.testng.SuiteRunner.privateRun(SuiteRunner.java:319)
	at org.testng.SuiteRunner.run(SuiteRunner.java:268)
	at org.testng.SuiteRunnerWorker.runSuite(SuiteRunnerWorker.java:52)
	at org.testng.SuiteRunnerWorker.run(SuiteRunnerWorker.java:86)
	at org.testng.TestNG.runSuitesSequentially(TestNG.java:1264)
	at org.testng.TestNG.runSuitesLocally(TestNG.java:1189)
	at org.testng.TestNG.runSuites(TestNG.java:1104)
	at org.testng.TestNG.run(TestNG.java:1076)
	at org.testng.remote.AbstractRemoteTestNG.run(AbstractRemoteTestNG.java:126)
	at org.testng.remote.RemoteTestNG.initAndRun(RemoteTestNG.java:152)
	at org.testng.remote.RemoteTestNG.main(RemoteTestNG.java:57)
]]>
            </full-stacktrace>
          </exception> <!-- org.openqa.selenium.NoSuchElementException -->
          <reporter-output>
          </reporter-output>
        </test-method> <!-- testLogin -->
        <test-method status="PASS" signature="f()[pri:0, instance:appiumpackage.LoginWRP@36d4b5c]" name="f" is-config="true" duration-ms="0" started-at="2018-04-13T20:21:04Z" finished-at="2018-04-13T20:21:04Z">
          <reporter-output>
          </reporter-output>
        </test-method> <!-- f -->
      </class> <!-- appiumpackage.LoginWRP -->
    </test> <!-- Default test -->
  </suite> <!-- Default suite -->
</testng-results>
